<?xml version="1.0" encoding="UTF-8"?>
<!-- Generated by org.testng.reporters.JUnitXMLReporter -->
<testsuite ignored="0" hostname="DESKTOP-C1T2VLJ" failures="1" tests="1" name="Test" time="9.899" errors="0" timestamp="2023-06-04T16:55:00 IST">
  <testcase classname="com.store.TestCases.TC_indexPage_001" name="VerifySignIn" time="4.937">
    <failure type="junit.framework.AssertionFailedError">
      <![CDATA[junit.framework.AssertionFailedError
at junit.framework.Assert.fail(Assert.java:47)
at junit.framework.Assert.assertTrue(Assert.java:20)
at junit.framework.Assert.assertTrue(Assert.java:27)
at com.store.TestCases.TC_indexPage_001.VerifySignIn(TC_indexPage_001.java:28)
at java.base/java.util.ArrayList.forEach(ArrayList.java:1511)
... Removed 27 stack frames]]>
    </failure>
  </testcase> <!-- VerifySignIn -->
</testsuite> <!-- Test -->
