<?xml version="1.0" encoding="UTF-8"?>
<testng-results ignored="0" total="1" passed="1" failed="0" skipped="0">
  <reporter-output>
  </reporter-output>
  <suite started-at="2023-06-04T20:00:46 IST" name="Suite" finished-at="2023-06-04T20:01:03 IST" duration-ms="16583">
    <groups>
    </groups>
    <test started-at="2023-06-04T20:00:46 IST" name="Test" finished-at="2023-06-04T20:01:03 IST" duration-ms="16583">
      <class name="com.store.TestCases.TC_indexPage_001">
        <test-method is-config="true" signature="setup()[pri:0, instance:com.store.TestCases.TC_indexPage_001@593aaf41]" started-at="2023-06-04T20:00:47 IST" name="setup" finished-at="2023-06-04T20:00:57 IST" duration-ms="10529" status="PASS">
          <reporter-output>
          </reporter-output>
        </test-method> <!-- setup -->
        <test-method signature="VerifySignIn()[pri:0, instance:com.store.TestCases.TC_indexPage_001@593aaf41]" started-at="2023-06-04T20:00:57 IST" name="VerifySignIn" finished-at="2023-06-04T20:01:02 IST" duration-ms="4973" status="PASS">
          <reporter-output>
          </reporter-output>
        </test-method> <!-- VerifySignIn -->
        <test-method is-config="true" signature="teardown()[pri:0, instance:com.store.TestCases.TC_indexPage_001@593aaf41]" started-at="2023-06-04T20:01:02 IST" name="teardown" finished-at="2023-06-04T20:01:03 IST" duration-ms="679" status="PASS">
          <reporter-output>
          </reporter-output>
        </test-method> <!-- teardown -->
      </class> <!-- com.store.TestCases.TC_indexPage_001 -->
    </test> <!-- Test -->
  </suite> <!-- Suite -->
</testng-results>
